This is pdfTeX, Version 3.1415926-2.5-1.40.14 (MiKTeX 2.9) (preloaded format=pdflatex 2015.4.10)  10 APR 2015 16:51
entering extended mode
**ucalgthes1_root_0.tex

(C:\Users\lozhou\Desktop\dynamic_task_alloc\LaTex-template-package\ucalgthes1_r
oot_0.tex
LaTeX2e <2011/06/27>
Babel <v3.8m> and hyphenation patterns for english, afrikaans, ancientgreek, ar
abic, armenian, assamese, basque, bengali, bokmal, bulgarian, catalan, coptic, 
croatian, czech, danish, dutch, esperanto, estonian, farsi, finnish, french, ga
lician, german, german-x-2013-05-26, greek, gujarati, hindi, hungarian, iceland
ic, indonesian, interlingua, irish, italian, kannada, kurmanji, latin, latvian,
 lithuanian, malayalam, marathi, mongolian, mongolianlmc, monogreek, ngerman, n
german-x-2013-05-26, nynorsk, oriya, panjabi, pinyin, polish, portuguese, roman
ian, russian, sanskrit, serbian, slovak, slovenian, spanish, swedish, swissgerm
an, tamil, telugu, turkish, turkmen, ukenglish, ukrainian, uppersorbian, usengl
ishmax, welsh, loaded.

(C:\Users\lozhou\Desktop\dynamic_task_alloc\LaTex-template-package\ucalgthes1.c
ls
Document Class: ucalgthes1 1998/03/01 v1.0 University of Calgary Thesis Class

(C:\Users\lozhou\Desktop\dynamic_task_alloc\LaTex-template-package\doublespace.
sty)
(C:\Users\lozhou\Desktop\dynamic_task_alloc\LaTex-template-package\thes12.clo)
\descriptionmargin=\dimen102
\signwidth=\skip41
\c@part=\count79
\c@chapter=\count80
\c@section=\count81
\c@subsection=\count82
\c@subsubsection=\count83
\c@paragraph=\count84
\c@subparagraph=\count85
\c@figure=\count86
\c@table=\count87

(C:\Users\lozhou\Desktop\dynamic_task_alloc\LaTex-template-package\thesistitlep
age.sty)) ("C:\MiKTeX 2.9\tex\latex\algorithms\algorithm.sty"
Package: algorithm 2009/08/24 v0.1 Document Style `algorithm' - floating enviro
nment

("C:\MiKTeX 2.9\tex\latex\float\float.sty"
Package: float 2001/11/08 v1.3d Float enhancements (AL)
\c@float@type=\count88
\float@exts=\toks14
\float@box=\box26
\@float@everytoks=\toks15
\@floatcapt=\box27
)
("C:\MiKTeX 2.9\tex\latex\base\ifthen.sty"
Package: ifthen 2001/05/26 v1.1c Standard LaTeX ifthen package (DPC)
)
\@float@every@algorithm=\toks16
\c@algorithm=\count89
)
("C:\MiKTeX 2.9\tex\latex\algorithms\algorithmic.sty"
Package: algorithmic 2009/08/24 v0.1 Document Style `algorithmic'

("C:\MiKTeX 2.9\tex\latex\graphics\keyval.sty"
Package: keyval 1999/03/16 v1.13 key=value parser (DPC)
\KV@toks@=\toks17
)
\c@ALC@unique=\count90
\c@ALC@line=\count91
\c@ALC@rem=\count92
\c@ALC@depth=\count93
\ALC@tlm=\skip42
\algorithmicindent=\skip43
)
("C:\MiKTeX 2.9\tex\latex\amscls\amsthm.sty"
Package: amsthm 2004/08/06 v2.20
\thm@style=\toks18
\thm@bodyfont=\toks19
\thm@headfont=\toks20
\thm@notefont=\toks21
\thm@headpunct=\toks22
\thm@preskip=\skip44
\thm@postskip=\skip45
\thm@headsep=\skip46
\dth@everypar=\toks23
)
\c@lem=\count94
\c@definition=\count95

("C:\MiKTeX 2.9\tex\latex\geometry\geometry.sty"
Package: geometry 2010/09/12 v5.6 Page Geometry

("C:\MiKTeX 2.9\tex\generic\oberdiek\ifpdf.sty"
Package: ifpdf 2011/01/30 v2.3 Provides the ifpdf switch (HO)
Package ifpdf Info: pdfTeX in PDF mode is detected.
)
("C:\MiKTeX 2.9\tex\generic\oberdiek\ifvtex.sty"
Package: ifvtex 2010/03/01 v1.5 Detect VTeX and its facilities (HO)
Package ifvtex Info: VTeX not detected.
)
("C:\MiKTeX 2.9\tex\generic\ifxetex\ifxetex.sty"
Package: ifxetex 2010/09/12 v0.6 Provides ifxetex conditional
)
\Gm@cnth=\count96
\Gm@cntv=\count97
\c@Gm@tempcnt=\count98
\Gm@bindingoffset=\dimen103
\Gm@wd@mp=\dimen104
\Gm@odd@mp=\dimen105
\Gm@even@mp=\dimen106
\Gm@layoutwidth=\dimen107
\Gm@layoutheight=\dimen108
\Gm@layouthoffset=\dimen109
\Gm@layoutvoffset=\dimen110
\Gm@dimlist=\toks24

("C:\MiKTeX 2.9\tex\latex\geometry\geometry.cfg"))
("C:\MiKTeX 2.9\tex\latex\hyperref\hyperref.sty"
Package: hyperref 2012/11/06 v6.83m Hypertext links for LaTeX

("C:\MiKTeX 2.9\tex\generic\oberdiek\hobsub-hyperref.sty"
Package: hobsub-hyperref 2012/04/25 v1.12 Bundle oberdiek, subset hyperref (HO)


("C:\MiKTeX 2.9\tex\generic\oberdiek\hobsub-generic.sty"
Package: hobsub-generic 2012/04/25 v1.12 Bundle oberdiek, subset generic (HO)
Package: hobsub 2012/04/25 v1.12 Construct package bundles (HO)
Package: infwarerr 2010/04/08 v1.3 Providing info/warning/error messages (HO)
Package: ltxcmds 2011/11/09 v1.22 LaTeX kernel commands for general use (HO)
Package: ifluatex 2010/03/01 v1.3 Provides the ifluatex switch (HO)
Package ifluatex Info: LuaTeX not detected.
Package hobsub Info: Skipping package `ifvtex' (already loaded).
Package: intcalc 2007/09/27 v1.1 Expandable calculations with integers (HO)
Package hobsub Info: Skipping package `ifpdf' (already loaded).
Package: etexcmds 2011/02/16 v1.5 Avoid name clashes with e-TeX commands (HO)
Package etexcmds Info: Could not find \expanded.
(etexcmds)             That can mean that you are not using pdfTeX 1.50 or
(etexcmds)             that some package has redefined \expanded.
(etexcmds)             In the latter case, load this package earlier.
Package: kvsetkeys 2012/04/25 v1.16 Key value parser (HO)
Package: kvdefinekeys 2011/04/07 v1.3 Define keys (HO)
Package: pdftexcmds 2011/11/29 v0.20 Utility functions of pdfTeX for LuaTeX (HO
)
Package pdftexcmds Info: LuaTeX not detected.
Package pdftexcmds Info: \pdf@primitive is available.
Package pdftexcmds Info: \pdf@ifprimitive is available.
Package pdftexcmds Info: \pdfdraftmode found.
Package: pdfescape 2011/11/25 v1.13 Implements pdfTeX's escape features (HO)
Package: bigintcalc 2012/04/08 v1.3 Expandable calculations on big integers (HO
)
Package: bitset 2011/01/30 v1.1 Handle bit-vector datatype (HO)
Package: uniquecounter 2011/01/30 v1.2 Provide unlimited unique counter (HO)
)
Package hobsub Info: Skipping package `hobsub' (already loaded).
Package: letltxmacro 2010/09/02 v1.4 Let assignment for LaTeX macros (HO)
Package: hopatch 2011/06/24 v1.1 Wrapper for package hooks (HO)
Package: xcolor-patch 2011/01/30 xcolor patch
Package: atveryend 2011/06/30 v1.8 Hooks at the very end of document (HO)
Package atveryend Info: \enddocument detected (standard20110627).
Package: atbegshi 2011/10/05 v1.16 At begin shipout hook (HO)
Package: refcount 2011/10/16 v3.4 Data extraction from label references (HO)
Package: hycolor 2011/01/30 v1.7 Color options for hyperref/bookmark (HO)
)
("C:\MiKTeX 2.9\tex\latex\oberdiek\auxhook.sty"
Package: auxhook 2011/03/04 v1.3 Hooks for auxiliary files (HO)
)
("C:\MiKTeX 2.9\tex\latex\oberdiek\kvoptions.sty"
Package: kvoptions 2011/06/30 v3.11 Key value format for package options (HO)
)
\@linkdim=\dimen111
\Hy@linkcounter=\count99
\Hy@pagecounter=\count100

("C:\MiKTeX 2.9\tex\latex\hyperref\pd1enc.def"
File: pd1enc.def 2012/11/06 v6.83m Hyperref: PDFDocEncoding definition (HO)
)
\Hy@SavedSpaceFactor=\count101

("C:\MiKTeX 2.9\tex\latex\00miktex\hyperref.cfg"
File: hyperref.cfg 2002/06/06 v1.2 hyperref configuration of TeXLive
)
Package hyperref Info: Hyper figures OFF on input line 4443.
Package hyperref Info: Link nesting OFF on input line 4448.
Package hyperref Info: Hyper index ON on input line 4451.
Package hyperref Info: Plain pages OFF on input line 4458.
Package hyperref Info: Backreferencing OFF on input line 4463.
Package hyperref Info: Implicit mode ON; LaTeX internals redefined.
Package hyperref Info: Bookmarks ON on input line 4688.
\c@Hy@tempcnt=\count102

("C:\MiKTeX 2.9\tex\latex\url\url.sty"
\Urlmuskip=\muskip10
Package: url 2013/09/16  ver 3.4  Verb mode for urls, etc.
)
LaTeX Info: Redefining \url on input line 5041.
\XeTeXLinkMargin=\dimen112
\Fld@menulength=\count103
\Field@Width=\dimen113
\Fld@charsize=\dimen114
Package hyperref Info: Hyper figures OFF on input line 6295.
Package hyperref Info: Link nesting OFF on input line 6300.
Package hyperref Info: Hyper index ON on input line 6303.
Package hyperref Info: backreferencing OFF on input line 6310.
Package hyperref Info: Link coloring OFF on input line 6315.
Package hyperref Info: Link coloring with OCG OFF on input line 6320.
Package hyperref Info: PDF/A mode OFF on input line 6325.
LaTeX Info: Redefining \ref on input line 6365.
LaTeX Info: Redefining \pageref on input line 6369.
\Hy@abspage=\count104
\c@Item=\count105
\c@Hfootnote=\count106
)

Package hyperref Message: Driver (autodetected): hpdftex.

("C:\MiKTeX 2.9\tex\latex\hyperref\hpdftex.def"
File: hpdftex.def 2012/11/06 v6.83m Hyperref driver for pdfTeX
\Fld@listcount=\count107
\c@bookmark@seq@number=\count108

("C:\MiKTeX 2.9\tex\latex\oberdiek\rerunfilecheck.sty"
Package: rerunfilecheck 2011/04/15 v1.7 Rerun checks for auxiliary files (HO)
Package uniquecounter Info: New unique counter `rerunfilecheck' on input line 2
82.
)
\Hy@SectionHShift=\skip47
)
(C:\Users\lozhou\Desktop\dynamic_task_alloc\LaTex-template-package\ucalgthes1_r
oot_0.aux
(C:\Users\lozhou\Desktop\dynamic_task_alloc\LaTex-template-package\chapter1.aux
)
(C:\Users\lozhou\Desktop\dynamic_task_alloc\LaTex-template-package\appendix1.au
x))
LaTeX Font Info:    Checking defaults for OML/cmm/m/it on input line 32.
LaTeX Font Info:    ... okay on input line 32.
LaTeX Font Info:    Checking defaults for T1/cmr/m/n on input line 32.
LaTeX Font Info:    ... okay on input line 32.
LaTeX Font Info:    Checking defaults for OT1/cmr/m/n on input line 32.
LaTeX Font Info:    ... okay on input line 32.
LaTeX Font Info:    Checking defaults for OMS/cmsy/m/n on input line 32.
LaTeX Font Info:    ... okay on input line 32.
LaTeX Font Info:    Checking defaults for OMX/cmex/m/n on input line 32.
LaTeX Font Info:    ... okay on input line 32.
LaTeX Font Info:    Checking defaults for U/cmr/m/n on input line 32.
LaTeX Font Info:    ... okay on input line 32.
LaTeX Font Info:    Checking defaults for PD1/pdf/m/n on input line 32.
LaTeX Font Info:    ... okay on input line 32.

*geometry* driver: auto-detecting
*geometry* detected driver: pdftex
*geometry* verbose mode - [ preamble ] result:
* driver: pdftex
* paper: letterpaper
* layout: <same size as paper>
* layoutoffset:(h,v)=(0.0pt,0.0pt)
* modes: 
* h-part:(L,W,R)=(72.26999pt, 469.75502pt, 72.26999pt)
* v-part:(T,H,B)=(72.26999pt, 650.43001pt, 72.26999pt)
* \paperwidth=614.295pt
* \paperheight=794.96999pt
* \textwidth=469.75502pt
* \textheight=650.43001pt
* \oddsidemargin=0.0pt
* \evensidemargin=0.0pt
* \topmargin=-37.0pt
* \headheight=12.0pt
* \headsep=25.0pt
* \topskip=10.0pt
* \footskip=30.0pt
* \marginparwidth=72.26999pt
* \marginparsep=72.26999pt
* \columnsep=10.0pt
* \skip\footins=10.8pt plus 4.0pt minus 2.0pt
* \hoffset=0.0pt
* \voffset=0.0pt
* \mag=1000
* \@twocolumnfalse
* \@twosidefalse
* \@mparswitchfalse
* \@reversemarginfalse
* (1in=72.27pt=25.4mm, 1cm=28.453pt)

\AtBeginShipoutBox=\box28
Package hyperref Info: Link coloring OFF on input line 32.
("C:\MiKTeX 2.9\tex\latex\hyperref\nameref.sty"
Package: nameref 2012/10/27 v2.43 Cross-referencing by name of section

("C:\MiKTeX 2.9\tex\generic\oberdiek\gettitlestring.sty"
Package: gettitlestring 2010/12/03 v1.4 Cleanup title references (HO)
)
\c@section@level=\count109
)
LaTeX Info: Redefining \ref on input line 32.
LaTeX Info: Redefining \pageref on input line 32.
LaTeX Info: Redefining \nameref on input line 32.

(C:\Users\lozhou\Desktop\dynamic_task_alloc\LaTex-template-package\ucalgthes1_r
oot_0.out)
(C:\Users\lozhou\Desktop\dynamic_task_alloc\LaTex-template-package\ucalgthes1_r
oot_0.out)
\@outlinefile=\write3
LaTeX Font Info:    Try loading font information for OMS+cmr on input line 33.
 ("C:\MiKTeX 2.9\tex\latex\base\omscmr.fd"
File: omscmr.fd 1999/05/25 v2.5h Standard LaTeX font definitions
)
LaTeX Font Info:    Font shape `OMS/cmr/m/n' in size <12> not available
(Font)              Font shape `OMS/cmsy/m/n' tried instead on input line 33.
 [1

{C:/ProgramData/MiKTeX/2.9/pdftex/config/pdftex.map}]
\bf {Abstract}
[1

]
\bf {Acknowledgements}
[2

]
(C:\Users\lozhou\Desktop\dynamic_task_alloc\LaTex-template-package\ucalgthes1_r
oot_0.toc
LaTeX Font Info:    External font `cmex10' loaded for size
(Font)              <12> on input line 1.
LaTeX Font Info:    External font `cmex10' loaded for size
(Font)              <8> on input line 1.
LaTeX Font Info:    External font `cmex10' loaded for size
(Font)              <6> on input line 1.
)
\tf@toc=\write4
 [3

]
(C:\Users\lozhou\Desktop\dynamic_task_alloc\LaTex-template-package\ucalgthes1_r
oot_0.lot)
\tf@lot=\write5
 [4

]
(C:\Users\lozhou\Desktop\dynamic_task_alloc\LaTex-template-package\ucalgthes1_r
oot_0.lof)
\tf@lof=\write6
 [5

]
(C:\Users\lozhou\Desktop\dynamic_task_alloc\LaTex-template-package\symbols.tex)
[6



]
(C:\Users\lozhou\Desktop\dynamic_task_alloc\LaTex-template-package\chapter1.tex
Chapter \bf {1}.
pdfTeX warning (ext4): destination with the same identifier (name{page.1}) has 
been already used, duplicate ignored
<to be read again> 
                   \relax 
l.18 H
      owever, the above papers about the task allocation problem all focus o...
[1




]
Missing character: There is no ¡ in font cmr12!
Missing character: There is no ­ in font cmr12!
 [2]
Chapter \bf {2}.
Missing character: There is no ¡ in font cmr12!
Missing character: There is no ­ in font cmr12!
Missing character: There is no Î in font cmr12!
Missing character: There is no Ê in font cmr12!
Missing character: There is no Ì in font cmr12!
Missing character: There is no â in font cmr12!
Missing character: There is no µ in font cmr12!
Missing character: There is no Ä in font cmr12!
Missing character: There is no ± in font cmr12!
Missing character: There is no ¾ in font cmr12!
Missing character: There is no Ö in font cmr12!
Missing character: There is no Ê in font cmr12!
Missing character: There is no £ in font cmr12!
Missing character: There is no ¬ in font cmr12!
Missing character: There is no À in font cmr12!
Missing character: There is no § in font cmr12!
Missing character: There is no Ä in font cmr12!
Missing character: There is no Ñ in font cmr12!
Missing character: There is no Ô in font cmr12!
Missing character: There is no Ú in font cmr12!
Missing character: There is no Ä in font cmr12!
Missing character: There is no Ä in font cmr12!
[3

]
Underfull \hbox (badness 10000) in paragraph at lines 44--45

 []

Package hyperref Info: bookmark level for unknown algorithm defaults to 0 on in
put line 53.
[4] [5] [6]
Chapter \bf {3}.
[7

] [8] [9] [10]
Overfull \hbox (2.40889pt too wide) in paragraph at lines 249--250
[]\OT1/cmtt/m/n/12 The uniqueness is obvious. When multiple processes are calli
ng TryTask($\OML/cmm/m/it/12 l$\OT1/cmtt/m/n/12 )
 []


Overfull \hbox (3.30908pt too wide) in paragraph at lines 249--250
\OT1/cmtt/m/n/12 at the memory location, only one of them will receive success 
and the index $\OML/cmm/m/it/12 l$
 []


Overfull \hbox (58.88411pt too wide) in paragraph at lines 249--250
\OT1/cmtt/m/n/12 of the task, all the other competitor processes will get failu
re. Task $\OML/cmm/m/it/12 l$ \OT1/cmtt/m/n/12 is performed
 []


Overfull \hbox (18.07022pt too wide) in paragraph at lines 249--250
\OT1/cmtt/m/n/12 successfully as long as the value of corresponding memory loca
tion is turned to
 []


Overfull \hbox (5.72021pt too wide) in paragraph at lines 249--250
\OT1/cmtt/m/n/12 1. The following process will never repeatedly turn it be to 0
 and turn 0 to
 []

[11] [12] [13]
Chapter \bf {4}.
) [14

]
(C:\Users\lozhou\Desktop\dynamic_task_alloc\LaTex-template-package\appendix1.te
x
\bf {Appendix} \bf {A}.
) [15



]
Package atveryend Info: Empty hook `BeforeClearDocument' on input line 78.
Package atveryend Info: Empty hook `AfterLastShipout' on input line 78.

(C:\Users\lozhou\Desktop\dynamic_task_alloc\LaTex-template-package\ucalgthes1_r
oot_0.aux
(C:\Users\lozhou\Desktop\dynamic_task_alloc\LaTex-template-package\chapter1.aux
)
(C:\Users\lozhou\Desktop\dynamic_task_alloc\LaTex-template-package\appendix1.au
x))
Package atveryend Info: Executing hook `AtVeryEndDocument' on input line 78.
Package atveryend Info: Executing hook `AtEndAfterFileList' on input line 78.
Package rerunfilecheck Info: File `ucalgthes1_root_0.out' has not changed.
(rerunfilecheck)             Checksum: DA1174E72B1075F6BE0E0123E4D66A52;1512.
Package atveryend Info: Empty hook `AtVeryVeryEnd' on input line 78.
 ) 
Here is how much of TeX's memory you used:
 5272 strings out of 493921
 78981 string characters out of 3152893
 171409 words of memory out of 3000000
 8394 multiletter control sequences out of 15000+200000
 8462 words of font info for 30 fonts, out of 3000000 for 9000
 841 hyphenation exceptions out of 8191
 29i,5n,30p,996b,614s stack positions out of 5000i,500n,10000p,200000b,50000s
<C:/MiKTeX 2.9/fonts/type1/public/amsfonts/cm/cmbx12.pfb><C:/MiKTeX 2.9/fonts
/type1/public/amsfonts/cm/cmbxti10.pfb><C:/MiKTeX 2.9/fonts/type1/public/amsfon
ts/cm/cmmi12.pfb><C:/MiKTeX 2.9/fonts/type1/public/amsfonts/cm/cmmi8.pfb><C:/Mi
KTeX 2.9/fonts/type1/public/amsfonts/cm/cmr10.pfb><C:/MiKTeX 2.9/fonts/type1/pu
blic/amsfonts/cm/cmr12.pfb><C:/MiKTeX 2.9/fonts/type1/public/amsfonts/cm/cmr8.p
fb><C:/MiKTeX 2.9/fonts/type1/public/amsfonts/cm/cmsy10.pfb><C:/MiKTeX 2.9/font
s/type1/public/amsfonts/cm/cmsy8.pfb><C:/MiKTeX 2.9/fonts/type1/public/amsfonts
/cm/cmti12.pfb><C:/MiKTeX 2.9/fonts/type1/public/amsfonts/cm/cmtt12.pfb>
Output written on ucalgthes1_root_0.pdf (22 pages, 198665 bytes).
PDF statistics:
 374 PDF objects out of 1000 (max. 8388607)
 127 named destinations out of 1000 (max. 500000)
 201 words of extra memory for PDF output out of 10000 (max. 10000000)

